<?xml version="1.0" encoding="UTF-8"?>
<testng-results skipped="0" failed="1" total="1" passed="0">
  <reporter-output>
    <line>
      <![CDATA[TC to test Flipkart Search functioanlity started]]>
    </line>
    <line>
      <![CDATA[Chrome Invoked and navigated to URL: https://www.flipkart.com/<br>]]>
    </line>
    <line>
      <![CDATA[Page Navigated.<br>]]>
    </line>
    <line>
      <![CDATA[Sign In Window Closed.<br>]]>
    </line>
    <line>
      <![CDATA[Search Box is displayed.<br>]]>
    </line>
    <line>
      <![CDATA[Focus is on subwindowHandler]]>
    </line>
    <line>
      <![CDATA[window is maximized]]>
    </line>
    <line>
      <![CDATA[Add Cart is displayed.<br>]]>
    </line>
  </reporter-output>
  <suite name="Default suite" duration-ms="28452" started-at="2020-10-28T12:29:21Z" finished-at="2020-10-28T12:29:50Z">
    <groups>
    </groups>
    <test name="Default test" duration-ms="28452" started-at="2020-10-28T12:29:21Z" finished-at="2020-10-28T12:29:50Z">
      <class name="com.automation.smallcase.qa.test.AssignmentFlipkart">
        <test-method status="PASS" signature="initialize()[pri:0, instance:com.automation.smallcase.qa.test.AssignmentFlipkart@6cf0e0ba]" name="initialize" is-config="true" duration-ms="15580" started-at="2020-10-28T17:59:21Z" finished-at="2020-10-28T17:59:37Z">
          <reporter-output>
          </reporter-output>
        </test-method> <!-- initialize -->
        <test-method status="FAIL" signature="TestFlipkartSearch()[pri:0, instance:com.automation.smallcase.qa.test.AssignmentFlipkart@6cf0e0ba]" name="TestFlipkartSearch" duration-ms="12156" started-at="2020-10-28T17:59:37Z" finished-at="2020-10-28T17:59:49Z">
          <exception class="org.openqa.selenium.StaleElementReferenceException">
            <message>
              <![CDATA[stale element reference: element is not attached to the page document
  (Session info: chrome=85.0.4183.121)
For documentation on this error, please visit: https://selenium.dev/exceptions/#stale_element_reference
Build info: version: '4.0.0-alpha-6', revision: '5f43a29cfc'
System info: host: 'DESKTOP-L7AGLPD', ip: '192.168.43.44', os.name: 'Windows 10', os.arch: 'amd64', os.version: '10.0', java.version: '1.8.0_181'
Driver info: org.openqa.selenium.chrome.ChromeDriver
Capabilities {acceptInsecureCerts: false, browserName: chrome, browserVersion: 85.0.4183.121, chrome: {chromedriverVersion: 85.0.4183.87 (cd6713ebf92fa..., userDataDir: C:\Users\ANURAG~1\AppData\L...}, goog:chromeOptions: {debuggerAddress: localhost:63987}, javascriptEnabled: true, networkConnectionEnabled: false, pageLoadStrategy: normal, platform: WINDOWS, platformName: WINDOWS, proxy: Proxy(), setWindowRect: true, strictFileInteractability: false, timeouts: {implicit: 0, pageLoad: 300000, script: 30000}, unhandledPromptBehavior: dismiss and notify, webauthn:virtualAuthenticators: true}
Session ID: de584c49381e917aa4a6cd98d32df3b1]]>
            </message>
            <full-stacktrace>
              <![CDATA[org.openqa.selenium.StaleElementReferenceException: stale element reference: element is not attached to the page document
  (Session info: chrome=85.0.4183.121)
For documentation on this error, please visit: https://selenium.dev/exceptions/#stale_element_reference
Build info: version: '4.0.0-alpha-6', revision: '5f43a29cfc'
System info: host: 'DESKTOP-L7AGLPD', ip: '192.168.43.44', os.name: 'Windows 10', os.arch: 'amd64', os.version: '10.0', java.version: '1.8.0_181'
Driver info: org.openqa.selenium.chrome.ChromeDriver
Capabilities {acceptInsecureCerts: false, browserName: chrome, browserVersion: 85.0.4183.121, chrome: {chromedriverVersion: 85.0.4183.87 (cd6713ebf92fa..., userDataDir: C:\Users\ANURAG~1\AppData\L...}, goog:chromeOptions: {debuggerAddress: localhost:63987}, javascriptEnabled: true, networkConnectionEnabled: false, pageLoadStrategy: normal, platform: WINDOWS, platformName: WINDOWS, proxy: Proxy(), setWindowRect: true, strictFileInteractability: false, timeouts: {implicit: 0, pageLoad: 300000, script: 30000}, unhandledPromptBehavior: dismiss and notify, webauthn:virtualAuthenticators: true}
Session ID: de584c49381e917aa4a6cd98d32df3b1
	at sun.reflect.NativeConstructorAccessorImpl.newInstance0(Native Method)
	at sun.reflect.NativeConstructorAccessorImpl.newInstance(NativeConstructorAccessorImpl.java:62)
	at sun.reflect.DelegatingConstructorAccessorImpl.newInstance(DelegatingConstructorAccessorImpl.java:45)
	at java.lang.reflect.Constructor.newInstance(Constructor.java:423)
	at org.openqa.selenium.remote.codec.w3c.W3CHttpResponseCodec.createException(W3CHttpResponseCodec.java:196)
	at org.openqa.selenium.remote.codec.w3c.W3CHttpResponseCodec.decode(W3CHttpResponseCodec.java:129)
	at org.openqa.selenium.remote.codec.w3c.W3CHttpResponseCodec.decode(W3CHttpResponseCodec.java:53)
	at org.openqa.selenium.remote.HttpCommandExecutor.execute(HttpCommandExecutor.java:160)
	at org.openqa.selenium.remote.service.DriverCommandExecutor.execute(DriverCommandExecutor.java:83)
	at org.openqa.selenium.remote.RemoteWebDriver.execute(RemoteWebDriver.java:582)
	at org.openqa.selenium.remote.RemoteWebElement.execute(RemoteWebElement.java:316)
	at org.openqa.selenium.remote.RemoteWebElement.getText(RemoteWebElement.java:181)
	at com.automation.smallcase.qa.test.AssignmentFlipkart.TestFlipkartSearch(AssignmentFlipkart.java:79)
	at sun.reflect.NativeMethodAccessorImpl.invoke0(Native Method)
	at sun.reflect.NativeMethodAccessorImpl.invoke(NativeMethodAccessorImpl.java:62)
	at sun.reflect.DelegatingMethodAccessorImpl.invoke(DelegatingMethodAccessorImpl.java:43)
	at java.lang.reflect.Method.invoke(Method.java:498)
	at org.testng.internal.MethodInvocationHelper.invokeMethod(MethodInvocationHelper.java:100)
	at org.testng.internal.Invoker.invokeMethod(Invoker.java:646)
	at org.testng.internal.Invoker.invokeTestMethod(Invoker.java:811)
	at org.testng.internal.Invoker.invokeTestMethods(Invoker.java:1137)
	at org.testng.internal.TestMethodWorker.invokeTestMethods(TestMethodWorker.java:129)
	at org.testng.internal.TestMethodWorker.run(TestMethodWorker.java:112)
	at org.testng.TestRunner.privateRun(TestRunner.java:753)
	at org.testng.TestRunner.run(TestRunner.java:607)
	at org.testng.SuiteRunner.runTest(SuiteRunner.java:368)
	at org.testng.SuiteRunner.runSequentially(SuiteRunner.java:363)
	at org.testng.SuiteRunner.privateRun(SuiteRunner.java:321)
	at org.testng.SuiteRunner.run(SuiteRunner.java:270)
	at org.testng.SuiteRunnerWorker.runSuite(SuiteRunnerWorker.java:52)
	at org.testng.SuiteRunnerWorker.run(SuiteRunnerWorker.java:86)
	at org.testng.TestNG.runSuitesSequentially(TestNG.java:1284)
	at org.testng.TestNG.runSuitesLocally(TestNG.java:1209)
	at org.testng.TestNG.runSuites(TestNG.java:1124)
	at org.testng.TestNG.run(TestNG.java:1096)
	at org.testng.remote.AbstractRemoteTestNG.run(AbstractRemoteTestNG.java:132)
	at org.testng.remote.RemoteTestNG.initAndRun(RemoteTestNG.java:236)
	at org.testng.remote.RemoteTestNG.main(RemoteTestNG.java:81)
]]>
            </full-stacktrace>
          </exception> <!-- org.openqa.selenium.StaleElementReferenceException -->
          <reporter-output>
            <line>
              <![CDATA[TC to test Flipkart Search functioanlity started]]>
            </line>
            <line>
              <![CDATA[Chrome Invoked and navigated to URL: https://www.flipkart.com/<br>]]>
            </line>
            <line>
              <![CDATA[Page Navigated.<br>]]>
            </line>
            <line>
              <![CDATA[Sign In Window Closed.<br>]]>
            </line>
            <line>
              <![CDATA[Search Box is displayed.<br>]]>
            </line>
            <line>
              <![CDATA[Focus is on subwindowHandler]]>
            </line>
            <line>
              <![CDATA[window is maximized]]>
            </line>
            <line>
              <![CDATA[Add Cart is displayed.<br>]]>
            </line>
          </reporter-output>
        </test-method> <!-- TestFlipkartSearch -->
        <test-method status="PASS" signature="teardown()[pri:0, instance:com.automation.smallcase.qa.test.AssignmentFlipkart@6cf0e0ba]" name="teardown" is-config="true" duration-ms="693" started-at="2020-10-28T17:59:49Z" finished-at="2020-10-28T17:59:50Z">
          <reporter-output>
          </reporter-output>
        </test-method> <!-- teardown -->
      </class> <!-- com.automation.smallcase.qa.test.AssignmentFlipkart -->
    </test> <!-- Default test -->
  </suite> <!-- Default suite -->
</testng-results>
