<?xml version="1.0" encoding="UTF-8"?>
<testng-results skipped="0" failed="0" total="1" passed="1">
  <reporter-output>
    <line>
      <![CDATA[TC to test product in Flipkart and Amazon Search functioanlity started]]>
    </line>
    <line>
      <![CDATA[Chrome Invoked and navigated to URL: https://www.flipkart.com/<br>]]>
    </line>
    <line>
      <![CDATA[Page Navigated.<br>]]>
    </line>
    <line>
      <![CDATA[Sign In Window Closed.<br>]]>
    </line>
    <line>
      <![CDATA[Search Box is displayed.<br>]]>
    </line>
    <line>
      <![CDATA[Focus is on subwindowHandler]]>
    </line>
    <line>
      <![CDATA[window is maximized]]>
    </line>
    <line>
      <![CDATA[Add Cart is displayed.<br>]]>
    </line>
    <line>
      <![CDATA[Search Box 2 is displayed.<br>]]>
    </line>
    <line>
      <![CDATA[Focus is on subwindowHandler2]]>
    </line>
  </reporter-output>
  <suite name="Default suite" duration-ms="72281" started-at="2020-10-27T08:19:55Z" finished-at="2020-10-27T08:21:07Z">
    <groups>
    </groups>
    <test name="Default test" duration-ms="72281" started-at="2020-10-27T08:19:55Z" finished-at="2020-10-27T08:21:07Z">
      <class name="com.automation.smallcase.qa.test.AssignmentFlipkartAmazon">
        <test-method status="PASS" signature="initialize()[pri:0, instance:com.automation.smallcase.qa.test.AssignmentFlipkartAmazon@6cf0e0ba]" name="initialize" is-config="true" duration-ms="10928" started-at="2020-10-27T13:49:55Z" finished-at="2020-10-27T13:50:05Z">
          <reporter-output>
          </reporter-output>
        </test-method> <!-- initialize -->
        <test-method status="PASS" signature="TestFlipkartSearch()[pri:0, instance:com.automation.smallcase.qa.test.AssignmentFlipkartAmazon@6cf0e0ba]" name="TestFlipkartSearch" duration-ms="60614" started-at="2020-10-27T13:50:05Z" finished-at="2020-10-27T13:51:06Z">
          <reporter-output>
            <line>
              <![CDATA[TC to test product in Flipkart and Amazon Search functioanlity started]]>
            </line>
            <line>
              <![CDATA[Chrome Invoked and navigated to URL: https://www.flipkart.com/<br>]]>
            </line>
            <line>
              <![CDATA[Page Navigated.<br>]]>
            </line>
            <line>
              <![CDATA[Sign In Window Closed.<br>]]>
            </line>
            <line>
              <![CDATA[Search Box is displayed.<br>]]>
            </line>
            <line>
              <![CDATA[Focus is on subwindowHandler]]>
            </line>
            <line>
              <![CDATA[window is maximized]]>
            </line>
            <line>
              <![CDATA[Add Cart is displayed.<br>]]>
            </line>
            <line>
              <![CDATA[Search Box 2 is displayed.<br>]]>
            </line>
            <line>
              <![CDATA[Focus is on subwindowHandler2]]>
            </line>
          </reporter-output>
        </test-method> <!-- TestFlipkartSearch -->
        <test-method status="PASS" signature="teardown()[pri:0, instance:com.automation.smallcase.qa.test.AssignmentFlipkartAmazon@6cf0e0ba]" name="teardown" is-config="true" duration-ms="697" started-at="2020-10-27T13:51:06Z" finished-at="2020-10-27T13:51:07Z">
          <reporter-output>
          </reporter-output>
        </test-method> <!-- teardown -->
      </class> <!-- com.automation.smallcase.qa.test.AssignmentFlipkartAmazon -->
    </test> <!-- Default test -->
  </suite> <!-- Default suite -->
</testng-results>
